   1: Player 2 launched 78 (left 27) ships from planet 3 to planet 1
   2: Player 2 launched 78 (left 0) ships from fleet 7cfa41bf-ae2b-4377-a85a-a4de38287e9d to planet 9
   4: Player 2 launched 32 (left 11) ships from planet 9 to planet 1
  18: Player 2 launched 33 (left 79) ships from planet 3 to planet 9
  20: Player 2 launched 66 (left 23) ships from planet 3 to planet 1
  34: Player 2 launched 69 (left 24) ships from planet 3 to planet 2
  35: Player 2 launched 69 (left 0) ships from fleet b2d1af23-4bb7-437b-bf5f-b53edbe5ae75 to planet 22
  37: Player 2 launched 23 (left 54) ships from planet 9 to planet 22
  41: Player 2 launched 22 (left 53) ships from planet 1 to planet 22
  53: Player 2 launched 89 (left 30) ships from planet 3 to planet 2
  59: Player 2 launched 89 (left 0) ships from fleet d6d4aeab-fa27-4a2a-afa2-8229cc152315 to planet 18
  61: Player 2 launched 114 (left 39) ships from planet 1 to planet 2
  65: Player 2 launched 114 (left 0) ships from fleet 44134ee3-0d01-4844-ab0c-a118fe7445c5 to planet 19
  67: Player 2 launched 81 (left 27) ships from planet 22 to planet 2
  75: Player 2 launched 81 (left 0) ships from fleet f0d0dcf6-4073-4c4a-89c9-cb2e59ad7969 to planet 4
  77: Player 2 launched 112 (left 38) ships from planet 3 to planet 2
 101: Player 2 launched 112 (left 0) ships from fleet 70982a80-51f8-4247-96fc-27b4213c2ba5 to planet 23
 103: Player 2 launched 186 (left 63) ships from planet 1 to planet 2
 116: Player 2 launched 186 (left 0) ships from fleet 0ec8a778-07bb-4b69-ac61-dc5b8019c7e1 to planet 8
 118: Player 2 launched 182 (left 61) ships from planet 3 to planet 2
 145: Player 2 launched 237 (left 80) ships from planet 4 to planet 2
 161: Player 2 launched 270 (left 91) ships from planet 19 to planet 5
 165: Player 2 launched 279 (left 94) ships from planet 1 to planet 12
 169: Player 2 launched 283 (left 95) ships from planet 18 to planet 12
 178: Player 2 launched 108 (left 253) ships from planet 3 to planet 12
 194: Player 2 launched 249 (left 84) ships from planet 3 to planet 13
 205: Player 2 launched 248 (left 83) ships from planet 2 to planet 13
 221: Player 2 launched 288 (left 96) ships from planet 4 to planet 12
 227: Player 2 launched 303 (left 101) ships from planet 1 to planet 13
 231: Player 2 launched 308 (left 103) ships from planet 5 to planet 13
 237: Player 2 launched 275 (left 92) ships from planet 22 to planet 1
 249: Player 2 launched 269 (left 90) ships from planet 3 to planet 16
 250: Player 2 launched 269 (left 0) ships from fleet a097ae56-5486-4ec8-849c-a5ebc1200c73 to planet 9
 252: Player 2 launched 273 (left 91) ships from planet 19 to planet 16
 256: Player 2 launched 273 (left 0) ships from fleet b5d53375-7b2f-40f7-ad77-950135c9682f to planet 5
 258: Player 2 launched 271 (left 91) ships from planet 18 to planet 16
 268: Player 2 launched 119 (left 279) ships from planet 2 to planet 16
 282: Player 2 launched 303 (left 101) ships from planet 23 to planet 1
 294: Player 2 launched 312 (left 105) ships from planet 13 to planet 1
 298: Player 2 launched 321 (left 108) ships from planet 2 to planet 17
 304: Player 2 launched 321 (left 0) ships from fleet 87fb3f95-d404-4d54-8a6e-f70d46286410 to planet 21
 306: Player 2 launched 343 (left 115) ships from planet 12 to planet 17
 312: Player 2 launched 350 (left 117) ships from planet 5 to planet 6
 313: Player 2 launched 350 (left 0) ships from fleet 4d5106a4-67ba-442e-befb-bea97727ee23 to planet 7
 315: Player 2 launched 354 (left 118) ships from planet 4 to planet 6
 317: Player 2 launched 262 (left 88) ships from planet 8 to planet 10
 325: Player 2 launched 267 (left 89) ships from planet 3 to planet 10
 345: Player 2 launched 267 (left 0) ships from fleet 0a590bf8-b50c-4b00-ae8d-26b9982ffdee to planet 14
 347: Player 2 launched 318 (left 107) ships from planet 1 to planet 10
 361: Player 2 launched 137 (left 322) ships from planet 16 to planet 8
 376: Player 2 launched 357 (left 119) ships from planet 17 to planet 11
 387: Player 2 launched 357 (left 0) ships from fleet 320e9db6-3059-4e3a-9ec9-e2df097ff5bb to planet 20
 389: Player 2 launched 376 (left 126) ships from planet 19 to planet 11
 402: Player 2 launched 376 (left 0) ships from fleet 0f87e596-41e0-4e49-95e7-1dc6674a4680 to planet 15
 404: Player 2 launched 408 (left 137) ships from planet 13 to planet 11
 414: Player 2 launched 444 (left 149) ships from planet 2 to planet 21
