   1: Player 1 launched 78 (left 27) ships from planet 2 to planet 18
   1: Player 2 launched 78 (left 27) ships from planet 3 to planet 2
   5: Player 2 now owns planet 2
   6: Player 2 launched 15 (left 37) ships from planet 3 to planet 2
  11: Player 2 launched 49 (left 17) ships from planet 2 to planet 18
  15: Player 1 now owns planet 18
  16: Player 1 launched 43 (left 15) ships from planet 18 to planet 19
  25: Player 1 defended planet 18
  26: Player 2 launched 102 (left 35) ships from planet 3 to planet 18
  39: Player 2 now owns planet 18
  40: Player 2 launched 48 (left 114) ships from planet 2 to planet 18
  42: Player 1 now owns planet 19
  48: Player 1 launched 36 (left 12) ships from planet 19 to planet 2
  55: Player 2 launched 141 (left 48) ships from planet 2 to planet 19
  61: Player 2 defended planet 2
  62: Player 1 launched 61 (left 21) ships from planet 19 to planet 3
  68: Player 2 now owns planet 19
  69: Player 2 launched 187 (left 63) ships from planet 3 to planet 22
  70: Player 2 launched 187 (left 0) ships from fleet 7d89fef9-edda-4f99-8b6d-61e76f7a3518 to planet 1
  71: Player 2 now owns planet 1
  72: Player 2 launched 168 (left 56) ships from planet 18 to planet 22
  76: Player 2 defended planet 3
